<?xml version="1.0" encoding="UTF-8"?>
<coverage generated="1652964504442" clover="3.2.0">
  <project timestamp="1652964504442" name="All files">
    <metrics statements="15" coveredstatements="10" conditionals="10" coveredconditionals="1" methods="4" coveredmethods="3" elements="29" coveredelements="14" complexity="0" loc="15" ncloc="15" packages="2" files="2" classes="2"/>
    <package name="06-wrappers.04-UiCheckbox.components">
      <metrics statements="12" coveredstatements="7" conditionals="8" coveredconditionals="0" methods="3" coveredmethods="2"/>
      <file name="UiCheckbox.vue" path="C:\Users\Дмитрий\WebstormProjects\vue-20220419\06-wrappers\04-UiCheckbox\components\UiCheckbox.vue">
        <metrics statements="12" coveredstatements="7" conditionals="8" coveredconditionals="0" methods="3" coveredmethods="2"/>
        <line num="15" count="1" type="stmt"/>
        <line num="30" count="1" type="cond" truecount="0" falsecount="1"/>
        <line num="31" count="0" type="stmt"/>
        <line num="33" count="1" type="stmt"/>
        <line num="36" count="1" type="stmt"/>
        <line num="38" count="1" type="stmt"/>
        <line num="40" count="1" type="cond" truecount="0" falsecount="1"/>
        <line num="41" count="0" type="cond" truecount="0" falsecount="3"/>
        <line num="42" count="0" type="stmt"/>
        <line num="44" count="0" type="cond" truecount="0" falsecount="3"/>
        <line num="45" count="0" type="stmt"/>
        <line num="48" count="1" type="stmt"/>
      </file>
    </package>
    <package name="utility_modules">
      <metrics statements="3" coveredstatements="3" conditionals="2" coveredconditionals="1" methods="1" coveredmethods="1"/>
      <file name="taskbook-test-utils.js" path="C:\Users\Дмитрий\WebstormProjects\vue-20220419\utility_modules\taskbook-test-utils.js">
        <metrics statements="3" coveredstatements="3" conditionals="2" coveredconditionals="1" methods="1" coveredmethods="1"/>
        <line num="1" count="1" type="stmt"/>
        <line num="12" count="1" type="cond" truecount="1" falsecount="1"/>
        <line num="15" count="1" type="stmt"/>
      </file>
    </package>
  </project>
</coverage>
