{"C:\\Users\\Дмитрий\\WebstormProjects\\vue-20220419\\06-wrappers\\04-UiCheckbox\\components\\UiCheckbox.vue": {"path":"C:\\Users\\Дмитрий\\WebstormProjects\\vue-20220419\\06-wrappers\\04-UiCheckbox\\components\\UiCheckbox.vue","statementMap":{"0":{"start":{"line":15,"column":15},"end":{"line":15,"column":null}},"1":{"start":{"line":30,"column":8},"end":{"line":32,"column":null}},"2":{"start":{"line":31,"column":10},"end":{"line":31,"column":17}},"3":{"start":{"line":33,"column":8},"end":{"line":33,"column":15}},"4":{"start":{"line":36,"column":23},"end":{"line":36,"column":null}},"5":{"start":{"line":38,"column":8},"end":{"line":38,"column":null}},"6":{"start":{"line":40,"column":8},"end":{"line":47,"column":null}},"7":{"start":{"line":41,"column":10},"end":{"line":43,"column":null}},"8":{"start":{"line":42,"column":12},"end":{"line":42,"column":20}},"9":{"start":{"line":44,"column":10},"end":{"line":46,"column":null}},"10":{"start":{"line":45,"column":12},"end":{"line":45,"column":20}},"11":{"start":{"line":45,"column":47},"end":{"line":45,"column":null}},"12":{"start":{"line":48,"column":8},"end":{"line":48,"column":13}}},"fnMap":{"0":{"name":"(anonymous_0)","decl":{"start":{"line":28,"column":6},"end":{"line":28,"column":9}},"loc":{"start":{"line":28,"column":12},"end":{"line":34,"column":null}}},"1":{"name":"(anonymous_1)","decl":{"start":{"line":35,"column":6},"end":{"line":35,"column":9}},"loc":{"start":{"line":35,"column":17},"end":{"line":49,"column":null}}},"2":{"name":"(anonymous_2)","decl":{"start":{"line":45,"column":39},"end":{"line":45,"column":43}},"loc":{"start":{"line":45,"column":47},"end":{"line":45,"column":null}}}},"branchMap":{"0":{"loc":{"start":{"line":30,"column":8},"end":{"line":32,"column":null}},"type":"if","locations":[{"start":{"line":30,"column":8},"end":{"line":32,"column":null}}]},"1":{"loc":{"start":{"line":40,"column":8},"end":{"line":47,"column":null}},"type":"if","locations":[{"start":{"line":40,"column":8},"end":{"line":47,"column":null}}]},"2":{"loc":{"start":{"line":41,"column":10},"end":{"line":43,"column":null}},"type":"if","locations":[{"start":{"line":41,"column":10},"end":{"line":43,"column":null}}]},"3":{"loc":{"start":{"line":41,"column":14},"end":{"line":41,"column":38}},"type":"binary-expr","locations":[{"start":{"line":41,"column":14},"end":{"line":41,"column":32}},{"start":{"line":41,"column":32},"end":{"line":41,"column":38}}]},"4":{"loc":{"start":{"line":44,"column":10},"end":{"line":46,"column":null}},"type":"if","locations":[{"start":{"line":44,"column":10},"end":{"line":46,"column":null}}]},"5":{"loc":{"start":{"line":44,"column":14},"end":{"line":44,"column":38}},"type":"binary-expr","locations":[{"start":{"line":44,"column":14},"end":{"line":44,"column":33}},{"start":{"line":44,"column":33},"end":{"line":44,"column":38}}]}},"s":{"0":1,"1":1,"2":0,"3":1,"4":1,"5":1,"6":1,"7":0,"8":0,"9":0,"10":0,"11":0,"12":1},"f":{"0":1,"1":1,"2":0},"b":{"0":[0],"1":[0],"2":[0],"3":[0,0],"4":[0],"5":[0,0]}}
,"C:\\Users\\Дмитрий\\WebstormProjects\\vue-20220419\\utility_modules\\taskbook-test-utils.js": {"path":"C:\\Users\\Дмитрий\\WebstormProjects\\vue-20220419\\utility_modules\\taskbook-test-utils.js","statementMap":{"0":{"start":{"line":1,"column":13},"end":{"line":1,"column":28}},"1":{"start":{"line":12,"column":2},"end":{"line":12,"column":108}},"2":{"start":{"line":15,"column":0},"end":{"line":17,"column":2}}},"fnMap":{"0":{"name":"getSolutionPath","decl":{"start":{"line":11,"column":9},"end":{"line":11,"column":24}},"loc":{"start":{"line":11,"column":37},"end":{"line":13,"column":1}},"line":11}},"branchMap":{"0":{"loc":{"start":{"line":12,"column":9},"end":{"line":12,"column":107}},"type":"cond-expr","locations":[{"start":{"line":12,"column":32},"end":{"line":12,"column":77}},{"start":{"line":12,"column":80},"end":{"line":12,"column":107}}],"line":12}},"s":{"0":1,"1":1,"2":1},"f":{"0":1},"b":{"0":[0,1]},"_coverageSchema":"1a1c01bbd47fc00a2c39e90264f33305004495a9","hash":"3dcd3044baee2f860e0b9fae8e00f81024edc7fe"}
}
