TN:
SF:06-wrappers\04-UiCheckbox\components\UiCheckbox.vue
FN:28,(anonymous_0)
FN:35,(anonymous_1)
FN:45,(anonymous_2)
FNF:3
FNH:2
FNDA:1,(anonymous_0)
FNDA:1,(anonymous_1)
FNDA:0,(anonymous_2)
DA:15,1
DA:30,1
DA:31,0
DA:33,1
DA:36,1
DA:38,1
DA:40,1
DA:41,0
DA:42,0
DA:44,0
DA:45,0
DA:48,1
LF:12
LH:7
BRDA:30,0,0,0
BRDA:40,1,0,0
BRDA:41,2,0,0
BRDA:41,3,0,0
BRDA:41,3,1,0
BRDA:44,4,0,0
BRDA:44,5,0,0
BRDA:44,5,1,0
BRF:8
BRH:0
end_of_record
TN:
SF:utility_modules\taskbook-test-utils.js
FN:11,getSolutionPath
FNF:1
FNH:1
FNDA:1,getSolutionPath
DA:1,1
DA:12,1
DA:15,1
LF:3
LH:3
BRDA:12,0,0,0
BRDA:12,0,1,1
BRF:2
BRH:1
end_of_record
